<?xml version="1.0" encoding="UTF-8"?>
<!-- Generated by org.testng.reporters.JUnitXMLReporter -->
<testsuite hostname="FSCMJK2Y7H2" ignored="0" name="Default test" tests="4" failures="0" timestamp="03 Jul 2018 19:42:43 GMT" time="0.157" errors="0">
  <testcase name="@BeforeTest beforeTest" time="0.0" classname="com.mypages.TestBaseClass">
    <failure type="org.testng.TestNGException" message="
Parameter &amp;apos;environment&amp;apos; is required by BeforeTest on method beforeTest but has not been marked @Optional or defined
in C:\Users\Shashank.tiwari\AppData\Local\Temp\testng-eclipse-491264206\testng-customsuite.xml">
      <![CDATA[org.testng.TestNGException: 
Parameter 'environment' is required by BeforeTest on method beforeTest but has not been marked @Optional or defined
in C:\Users\Shashank.tiwari\AppData\Local\Temp\testng-eclipse-491264206\testng-customsuite.xml
	at org.testng.internal.Parameters.createParameters(Parameters.java:199)
	at org.testng.internal.Parameters.createParameters(Parameters.java:443)
	at org.testng.internal.Parameters.createConfigurationParameters(Parameters.java:118)
	at org.testng.internal.Invoker.invokeConfigurations(Invoker.java:206)
	at org.testng.internal.Invoker.invokeConfigurations(Invoker.java:146)
	at org.testng.TestRunner.beforeRun(TestRunner.java:626)
	at org.testng.TestRunner.run(TestRunner.java:594)
	at org.testng.SuiteRunner.runTest(SuiteRunner.java:380)
	at org.testng.SuiteRunner.runSequentially(SuiteRunner.java:375)
	at org.testng.SuiteRunner.privateRun(SuiteRunner.java:340)
	at org.testng.SuiteRunner.run(SuiteRunner.java:289)
	at org.testng.SuiteRunnerWorker.runSuite(SuiteRunnerWorker.java:52)
	at org.testng.SuiteRunnerWorker.run(SuiteRunnerWorker.java:86)
	at org.testng.TestNG.runSuitesSequentially(TestNG.java:1301)
	at org.testng.TestNG.runSuitesLocally(TestNG.java:1226)
	at org.testng.TestNG.runSuites(TestNG.java:1144)
	at org.testng.TestNG.run(TestNG.java:1115)
	at org.testng.remote.AbstractRemoteTestNG.run(AbstractRemoteTestNG.java:114)
	at org.testng.remote.RemoteTestNG.initAndRun(RemoteTestNG.java:251)
	at org.testng.remote.RemoteTestNG.main(RemoteTestNG.java:77)
]]>
    </failure>
  </testcase> <!-- @BeforeTest beforeTest -->
  <testcase name="@BeforeMethod beforeOwnMethod" time="0.0" classname="com.mypages.TestBaseClass">
    <skipped/>
  </testcase> <!-- @BeforeMethod beforeOwnMethod -->
  <testcase name="@BeforeMethod beforeOwnMethod" time="0.0" classname="com.mypages.TestBaseClass">
    <skipped/>
  </testcase> <!-- @BeforeMethod beforeOwnMethod -->
  <testcase name="@BeforeMethod beforeOwnMethod" time="0.0" classname="com.mypages.TestBaseClass">
    <skipped/>
  </testcase> <!-- @BeforeMethod beforeOwnMethod -->
  <testcase name="@BeforeMethod beforeOwnMethod" time="0.0" classname="com.mypages.TestBaseClass">
    <skipped/>
  </testcase> <!-- @BeforeMethod beforeOwnMethod -->
  <testcase name="verify_When_password_id_is_wrong" time="0.0" classname="com.mytest.LoginTest">
    <skipped/>
  </testcase> <!-- verify_When_password_id_is_wrong -->
  <testcase name="verify_user_is_able_to_login" time="0.0" classname="com.mytest.LoginTest">
    <skipped/>
  </testcase> <!-- verify_user_is_able_to_login -->
  <testcase name="verify_when_both_emailid_and_password_id_are_wrong" time="0.0" classname="com.mytest.LoginTest">
    <skipped/>
  </testcase> <!-- verify_when_both_emailid_and_password_id_are_wrong -->
  <testcase name="verify_when_email_id_is_wrong" time="0.0" classname="com.mytest.LoginTest">
    <skipped/>
  </testcase> <!-- verify_when_email_id_is_wrong -->
</testsuite> <!-- Default test -->
